[0.631s] DEBUG:colcon:Command line arguments: ['/usr/bin/colcon', 'build', '--symlink-install']
[0.631s] DEBUG:colcon:Parsed command line arguments: Namespace(log_base=None, log_level=None, verb_name='build', build_base='build', install_base='install', merge_install=False, symlink_install=True, test_result_base=None, continue_on_error=False, executor='parallel', parallel_workers=16, event_handlers=None, ignore_user_meta=False, metas=['./colcon.meta'], base_paths=['.'], packages_ignore=None, packages_ignore_regex=None, paths=None, packages_up_to=None, packages_up_to_regex=None, packages_above=None, packages_above_and_dependencies=None, packages_above_depth=None, packages_select_by_dep=None, packages_skip_by_dep=None, packages_skip_up_to=None, packages_select_build_failed=False, packages_skip_build_finished=False, packages_select_test_failures=False, packages_skip_test_passed=False, packages_select=None, packages_skip=None, packages_select_regex=None, packages_skip_regex=None, packages_start=None, packages_end=None, allow_overriding=[], cmake_args=None, cmake_target=None, cmake_target_skip_unavailable=False, cmake_clean_cache=False, cmake_clean_first=False, cmake_force_configure=False, ament_cmake_args=None, catkin_cmake_args=None, catkin_skip_building_tests=False, verb_parser=<colcon_defaults.argument_parser.defaults.DefaultArgumentsDecorator object at 0x7f0ef22754b0>, verb_extension=<colcon_core.verb.build.BuildVerb object at 0x7f0ef2274f40>, main=<bound method BuildVerb.main of <colcon_core.verb.build.BuildVerb object at 0x7f0ef2274f40>>)
[0.665s] Level 1:colcon.colcon_core.package_discovery:discover_packages(colcon_meta) check parameters
[0.666s] Level 1:colcon.colcon_core.package_discovery:discover_packages(recursive) check parameters
[0.666s] Level 1:colcon.colcon_core.package_discovery:discover_packages(ignore) check parameters
[0.666s] Level 1:colcon.colcon_core.package_discovery:discover_packages(path) check parameters
[0.666s] Level 1:colcon.colcon_core.package_discovery:discover_packages(colcon_meta) discover
[0.666s] Level 1:colcon.colcon_core.package_discovery:discover_packages(recursive) discover
[0.666s] INFO:colcon.colcon_core.package_discovery:Crawling recursively for packages in '/home/angrysine/github/ros2_ws'
[0.666s] Level 1:colcon.colcon_core.package_identification:_identify(.) by extensions ['ignore', 'ignore_ament_install']
[0.666s] Level 1:colcon.colcon_core.package_identification:_identify(.) by extension 'ignore'
[0.667s] Level 1:colcon.colcon_core.package_identification:_identify(.) by extension 'ignore_ament_install'
[0.667s] Level 1:colcon.colcon_core.package_identification:_identify(.) by extensions ['colcon_pkg']
[0.667s] Level 1:colcon.colcon_core.package_identification:_identify(.) by extension 'colcon_pkg'
[0.667s] Level 1:colcon.colcon_core.package_identification:_identify(.) by extensions ['colcon_meta']
[0.667s] Level 1:colcon.colcon_core.package_identification:_identify(.) by extension 'colcon_meta'
[0.667s] Level 1:colcon.colcon_core.package_identification:_identify(.) by extensions ['ros']
[0.667s] Level 1:colcon.colcon_core.package_identification:_identify(.) by extension 'ros'
[0.682s] Level 1:colcon.colcon_core.package_identification:_identify(.) by extensions ['cmake', 'python']
[0.682s] Level 1:colcon.colcon_core.package_identification:_identify(.) by extension 'cmake'
[0.682s] Level 1:colcon.colcon_core.package_identification:_identify(.) by extension 'python'
[0.683s] Level 1:colcon.colcon_core.package_identification:_identify(.) by extensions ['python_setup_py']
[0.683s] Level 1:colcon.colcon_core.package_identification:_identify(.) by extension 'python_setup_py'
[0.683s] Level 1:colcon.colcon_core.package_identification:_identify(build) by extensions ['ignore', 'ignore_ament_install']
[0.683s] Level 1:colcon.colcon_core.package_identification:_identify(build) by extension 'ignore'
[0.683s] Level 1:colcon.colcon_core.package_identification:_identify(build) ignored
[0.683s] Level 1:colcon.colcon_core.package_identification:_identify(install) by extensions ['ignore', 'ignore_ament_install']
[0.683s] Level 1:colcon.colcon_core.package_identification:_identify(install) by extension 'ignore'
[0.683s] Level 1:colcon.colcon_core.package_identification:_identify(install) ignored
[0.684s] Level 1:colcon.colcon_core.package_identification:_identify(log) by extensions ['ignore', 'ignore_ament_install']
[0.684s] Level 1:colcon.colcon_core.package_identification:_identify(log) by extension 'ignore'
[0.684s] Level 1:colcon.colcon_core.package_identification:_identify(log) ignored
[0.684s] Level 1:colcon.colcon_core.package_identification:_identify(src) by extensions ['ignore', 'ignore_ament_install']
[0.685s] Level 1:colcon.colcon_core.package_identification:_identify(src) by extension 'ignore'
[0.685s] Level 1:colcon.colcon_core.package_identification:_identify(src) by extension 'ignore_ament_install'
[0.685s] Level 1:colcon.colcon_core.package_identification:_identify(src) by extensions ['colcon_pkg']
[0.685s] Level 1:colcon.colcon_core.package_identification:_identify(src) by extension 'colcon_pkg'
[0.685s] Level 1:colcon.colcon_core.package_identification:_identify(src) by extensions ['colcon_meta']
[0.685s] Level 1:colcon.colcon_core.package_identification:_identify(src) by extension 'colcon_meta'
[0.685s] Level 1:colcon.colcon_core.package_identification:_identify(src) by extensions ['ros']
[0.685s] Level 1:colcon.colcon_core.package_identification:_identify(src) by extension 'ros'
[0.685s] Level 1:colcon.colcon_core.package_identification:_identify(src) by extensions ['cmake', 'python']
[0.685s] Level 1:colcon.colcon_core.package_identification:_identify(src) by extension 'cmake'
[0.685s] Level 1:colcon.colcon_core.package_identification:_identify(src) by extension 'python'
[0.686s] Level 1:colcon.colcon_core.package_identification:_identify(src) by extensions ['python_setup_py']
[0.686s] Level 1:colcon.colcon_core.package_identification:_identify(src) by extension 'python_setup_py'
[0.686s] Level 1:colcon.colcon_core.package_identification:_identify(src/my_turtle_controller) by extensions ['ignore', 'ignore_ament_install']
[0.686s] Level 1:colcon.colcon_core.package_identification:_identify(src/my_turtle_controller) by extension 'ignore'
[0.686s] Level 1:colcon.colcon_core.package_identification:_identify(src/my_turtle_controller) by extension 'ignore_ament_install'
[0.686s] Level 1:colcon.colcon_core.package_identification:_identify(src/my_turtle_controller) by extensions ['colcon_pkg']
[0.686s] Level 1:colcon.colcon_core.package_identification:_identify(src/my_turtle_controller) by extension 'colcon_pkg'
[0.686s] Level 1:colcon.colcon_core.package_identification:_identify(src/my_turtle_controller) by extensions ['colcon_meta']
[0.686s] Level 1:colcon.colcon_core.package_identification:_identify(src/my_turtle_controller) by extension 'colcon_meta'
[0.686s] Level 1:colcon.colcon_core.package_identification:_identify(src/my_turtle_controller) by extensions ['ros']
[0.687s] Level 1:colcon.colcon_core.package_identification:_identify(src/my_turtle_controller) by extension 'ros'
[0.692s] DEBUG:colcon.colcon_core.package_identification:Package 'src/my_turtle_controller' with type 'ros.ament_python' and name 'my_turtle_controller'
[0.692s] Level 1:colcon.colcon_core.package_discovery:discover_packages(recursive) using defaults
[0.692s] Level 1:colcon.colcon_core.package_discovery:discover_packages(ignore) discover
[0.692s] Level 1:colcon.colcon_core.package_discovery:discover_packages(ignore) using defaults
[0.692s] Level 1:colcon.colcon_core.package_discovery:discover_packages(path) discover
[0.692s] Level 1:colcon.colcon_core.package_discovery:discover_packages(path) using defaults
[0.722s] Level 1:colcon.colcon_core.package_discovery:discover_packages(prefix_path) check parameters
[0.722s] Level 1:colcon.colcon_core.package_discovery:discover_packages(prefix_path) discover
[0.725s] DEBUG:colcon.colcon_installed_package_information.package_discovery:Found 1 installed packages in /home/angrysine/github/ros2_ws/install
[0.726s] DEBUG:colcon.colcon_installed_package_information.package_discovery:Found 270 installed packages in /opt/ros/humble
[0.728s] Level 1:colcon.colcon_core.package_discovery:discover_packages(prefix_path) using defaults
[0.804s] Level 5:colcon.colcon_core.verb:set package 'my_turtle_controller' build argument 'cmake_args' from command line to 'None'
[0.804s] Level 5:colcon.colcon_core.verb:set package 'my_turtle_controller' build argument 'cmake_target' from command line to 'None'
[0.804s] Level 5:colcon.colcon_core.verb:set package 'my_turtle_controller' build argument 'cmake_target_skip_unavailable' from command line to 'False'
[0.804s] Level 5:colcon.colcon_core.verb:set package 'my_turtle_controller' build argument 'cmake_clean_cache' from command line to 'False'
[0.804s] Level 5:colcon.colcon_core.verb:set package 'my_turtle_controller' build argument 'cmake_clean_first' from command line to 'False'
[0.804s] Level 5:colcon.colcon_core.verb:set package 'my_turtle_controller' build argument 'cmake_force_configure' from command line to 'False'
[0.804s] Level 5:colcon.colcon_core.verb:set package 'my_turtle_controller' build argument 'ament_cmake_args' from command line to 'None'
[0.804s] Level 5:colcon.colcon_core.verb:set package 'my_turtle_controller' build argument 'catkin_cmake_args' from command line to 'None'
[0.804s] Level 5:colcon.colcon_core.verb:set package 'my_turtle_controller' build argument 'catkin_skip_building_tests' from command line to 'False'
[0.804s] DEBUG:colcon.colcon_core.verb:Building package 'my_turtle_controller' with the following arguments: {'ament_cmake_args': None, 'build_base': '/home/angrysine/github/ros2_ws/build/my_turtle_controller', 'catkin_cmake_args': None, 'catkin_skip_building_tests': False, 'cmake_args': None, 'cmake_clean_cache': False, 'cmake_clean_first': False, 'cmake_force_configure': False, 'cmake_target': None, 'cmake_target_skip_unavailable': False, 'install_base': '/home/angrysine/github/ros2_ws/install/my_turtle_controller', 'merge_install': False, 'path': '/home/angrysine/github/ros2_ws/src/my_turtle_controller', 'symlink_install': True, 'test_result_base': None}
[0.805s] INFO:colcon.colcon_core.executor:Executing jobs using 'parallel' executor
[0.810s] DEBUG:colcon.colcon_parallel_executor.executor.parallel:run_until_complete
[0.810s] INFO:colcon.colcon_ros.task.ament_python.build:Building ROS package in '/home/angrysine/github/ros2_ws/src/my_turtle_controller' with build type 'ament_python'
[0.810s] Level 1:colcon.colcon_core.shell:create_environment_hook('my_turtle_controller', 'ament_prefix_path')
[0.817s] INFO:colcon.colcon_core.plugin_system:Skipping extension 'colcon_core.shell.bat': Not used on non-Windows systems
[0.818s] INFO:colcon.colcon_core.shell:Creating environment hook '/home/angrysine/github/ros2_ws/install/my_turtle_controller/share/my_turtle_controller/hook/ament_prefix_path.ps1'
[0.818s] INFO:colcon.colcon_core.shell:Creating environment descriptor '/home/angrysine/github/ros2_ws/install/my_turtle_controller/share/my_turtle_controller/hook/ament_prefix_path.dsv'
[0.819s] INFO:colcon.colcon_core.shell:Creating environment hook '/home/angrysine/github/ros2_ws/install/my_turtle_controller/share/my_turtle_controller/hook/ament_prefix_path.sh'
[0.821s] INFO:colcon.colcon_core.shell:Skip shell extension 'powershell' for command environment: Not usable outside of PowerShell
[0.821s] DEBUG:colcon.colcon_core.shell:Skip shell extension 'dsv' for command environment
[1.156s] INFO:colcon.colcon_core.task.python.build:Building Python package in '/home/angrysine/github/ros2_ws/src/my_turtle_controller'
[1.158s] INFO:colcon.colcon_core.shell:Skip shell extension 'powershell' for command environment: Not usable outside of PowerShell
[1.158s] DEBUG:colcon.colcon_core.shell:Skip shell extension 'dsv' for command environment
[1.552s] DEBUG:colcon.colcon_core.event_handler.log_command:Invoking command in '/home/angrysine/github/ros2_ws/build/my_turtle_controller': PYTHONPATH=/home/angrysine/github/ros2_ws/build/my_turtle_controller/prefix_override:/home/angrysine/github/ros2_ws/install/my_turtle_controller/lib/python3.10/site-packages:${PYTHONPATH} /usr/bin/python3 setup.py develop --editable --build-directory /home/angrysine/github/ros2_ws/build/my_turtle_controller/build --no-deps install_data
[2.003s] Level 1:colcon.colcon_core.shell:create_environment_hook('my_turtle_controller', 'pythonpath_develop')
[2.004s] DEBUG:colcon.colcon_core.event_handler.log_command:Invoked command in '/home/angrysine/github/ros2_ws/build/my_turtle_controller' returned '0': PYTHONPATH=/home/angrysine/github/ros2_ws/build/my_turtle_controller/prefix_override:/home/angrysine/github/ros2_ws/install/my_turtle_controller/lib/python3.10/site-packages:${PYTHONPATH} /usr/bin/python3 setup.py develop --editable --build-directory /home/angrysine/github/ros2_ws/build/my_turtle_controller/build --no-deps install_data
[2.005s] INFO:colcon.colcon_core.shell:Creating environment hook '/home/angrysine/github/ros2_ws/build/my_turtle_controller/share/my_turtle_controller/hook/pythonpath_develop.ps1'
[2.006s] INFO:colcon.colcon_core.shell:Creating environment descriptor '/home/angrysine/github/ros2_ws/build/my_turtle_controller/share/my_turtle_controller/hook/pythonpath_develop.dsv'
[2.006s] INFO:colcon.colcon_core.shell:Creating environment hook '/home/angrysine/github/ros2_ws/build/my_turtle_controller/share/my_turtle_controller/hook/pythonpath_develop.sh'
[2.012s] Level 1:colcon.colcon_core.environment:checking '/home/angrysine/github/ros2_ws/install/my_turtle_controller' for CMake module files
[2.012s] Level 1:colcon.colcon_core.environment:checking '/home/angrysine/github/ros2_ws/install/my_turtle_controller' for CMake config files
[2.013s] Level 1:colcon.colcon_core.environment:checking '/home/angrysine/github/ros2_ws/install/my_turtle_controller/lib'
[2.013s] Level 1:colcon.colcon_core.environment:checking '/home/angrysine/github/ros2_ws/install/my_turtle_controller/bin'
[2.014s] Level 1:colcon.colcon_core.environment:checking '/home/angrysine/github/ros2_ws/install/my_turtle_controller/lib/pkgconfig/my_turtle_controller.pc'
[2.014s] Level 1:colcon.colcon_core.environment:checking '/home/angrysine/github/ros2_ws/install/my_turtle_controller/lib/python3.10/site-packages'
[2.014s] Level 1:colcon.colcon_core.shell:create_environment_hook('my_turtle_controller', 'pythonpath')
[2.016s] INFO:colcon.colcon_core.shell:Creating environment hook '/home/angrysine/github/ros2_ws/install/my_turtle_controller/share/my_turtle_controller/hook/pythonpath.ps1'
[2.016s] INFO:colcon.colcon_core.shell:Creating environment descriptor '/home/angrysine/github/ros2_ws/install/my_turtle_controller/share/my_turtle_controller/hook/pythonpath.dsv'
[2.017s] INFO:colcon.colcon_core.shell:Creating environment hook '/home/angrysine/github/ros2_ws/install/my_turtle_controller/share/my_turtle_controller/hook/pythonpath.sh'
[2.017s] Level 1:colcon.colcon_core.environment:checking '/home/angrysine/github/ros2_ws/install/my_turtle_controller/bin'
[2.017s] Level 1:colcon.colcon_core.environment:create_environment_scripts_only(my_turtle_controller)
[2.020s] INFO:colcon.colcon_core.shell:Creating package script '/home/angrysine/github/ros2_ws/install/my_turtle_controller/share/my_turtle_controller/package.ps1'
[2.021s] INFO:colcon.colcon_core.shell:Creating package descriptor '/home/angrysine/github/ros2_ws/install/my_turtle_controller/share/my_turtle_controller/package.dsv'
[2.022s] INFO:colcon.colcon_core.shell:Creating package script '/home/angrysine/github/ros2_ws/install/my_turtle_controller/share/my_turtle_controller/package.sh'
[2.023s] INFO:colcon.colcon_core.shell:Creating package script '/home/angrysine/github/ros2_ws/install/my_turtle_controller/share/my_turtle_controller/package.bash'
[2.024s] INFO:colcon.colcon_core.shell:Creating package script '/home/angrysine/github/ros2_ws/install/my_turtle_controller/share/my_turtle_controller/package.zsh'
[2.024s] Level 1:colcon.colcon_core.environment:create_file_with_runtime_dependencies(/home/angrysine/github/ros2_ws/install/my_turtle_controller/share/colcon-core/packages/my_turtle_controller)
[2.025s] DEBUG:colcon.colcon_parallel_executor.executor.parallel:closing loop
[2.025s] DEBUG:colcon.colcon_parallel_executor.executor.parallel:loop closed
[2.026s] DEBUG:colcon.colcon_parallel_executor.executor.parallel:run_until_complete finished with '0'
[2.026s] DEBUG:colcon.colcon_core.event_reactor:joining thread
[2.185s] INFO:colcon.colcon_core.plugin_system:Skipping extension 'colcon_notification.desktop_notification.notify_send': Could not find 'notify-send'
[2.185s] INFO:colcon.colcon_core.plugin_system:Skipping extension 'colcon_notification.desktop_notification.terminal_notifier': Not used on non-Darwin systems
[2.185s] INFO:colcon.colcon_core.plugin_system:Skipping extension 'colcon_notification.desktop_notification.win32': Not used on non-Windows systems
[2.185s] INFO:colcon.colcon_notification.desktop_notification:Sending desktop notification using 'notify2'
[2.196s] DEBUG:colcon.colcon_notification.desktop_notification.notify2:Failed to initialize notify2: org.freedesktop.DBus.Error.ServiceUnknown: The name org.freedesktop.Notifications was not provided by any .service files
[2.196s] DEBUG:colcon.colcon_core.event_reactor:joined thread
[2.199s] INFO:colcon.colcon_core.shell:Creating prefix script '/home/angrysine/github/ros2_ws/install/local_setup.ps1'
[2.201s] INFO:colcon.colcon_core.shell:Creating prefix util module '/home/angrysine/github/ros2_ws/install/_local_setup_util_ps1.py'
[2.203s] INFO:colcon.colcon_core.shell:Creating prefix chain script '/home/angrysine/github/ros2_ws/install/setup.ps1'
[2.206s] INFO:colcon.colcon_core.shell:Creating prefix script '/home/angrysine/github/ros2_ws/install/local_setup.sh'
[2.207s] INFO:colcon.colcon_core.shell:Creating prefix util module '/home/angrysine/github/ros2_ws/install/_local_setup_util_sh.py'
[2.208s] INFO:colcon.colcon_core.shell:Creating prefix chain script '/home/angrysine/github/ros2_ws/install/setup.sh'
[2.210s] INFO:colcon.colcon_core.shell:Creating prefix script '/home/angrysine/github/ros2_ws/install/local_setup.bash'
[2.211s] INFO:colcon.colcon_core.shell:Creating prefix chain script '/home/angrysine/github/ros2_ws/install/setup.bash'
[2.213s] INFO:colcon.colcon_core.shell:Creating prefix script '/home/angrysine/github/ros2_ws/install/local_setup.zsh'
[2.214s] INFO:colcon.colcon_core.shell:Creating prefix chain script '/home/angrysine/github/ros2_ws/install/setup.zsh'
