[0.723s] Invoking command in '/home/angrysine/github/ros2_ws/src/my_turtle_controller': PYTHONPATH=/home/angrysine/github/ros2_ws/build/my_turtle_controller/prefix_override:/home/angrysine/github/ros2_ws/install/my_turtle_controller/lib/python3.10/site-packages:${PYTHONPATH} /usr/bin/python3 setup.py egg_info --egg-base ../../build/my_turtle_controller build --build-base /home/angrysine/github/ros2_ws/build/my_turtle_controller/build install --record /home/angrysine/github/ros2_ws/build/my_turtle_controller/install.log --single-version-externally-managed
[1.032s] running egg_info
[1.033s] writing ../../build/my_turtle_controller/my_turtle_controller.egg-info/PKG-INFO
[1.033s] writing dependency_links to ../../build/my_turtle_controller/my_turtle_controller.egg-info/dependency_links.txt
[1.033s] writing entry points to ../../build/my_turtle_controller/my_turtle_controller.egg-info/entry_points.txt
[1.034s] writing requirements to ../../build/my_turtle_controller/my_turtle_controller.egg-info/requires.txt
[1.034s] writing top-level names to ../../build/my_turtle_controller/my_turtle_controller.egg-info/top_level.txt
[1.037s] reading manifest file '../../build/my_turtle_controller/my_turtle_controller.egg-info/SOURCES.txt'
[1.038s] writing manifest file '../../build/my_turtle_controller/my_turtle_controller.egg-info/SOURCES.txt'
[1.039s] running build
[1.039s] running build_py
[1.040s] copying my_turtle_controller/my_turtle_controller.py -> /home/angrysine/github/ros2_ws/build/my_turtle_controller/build/lib/my_turtle_controller
[1.040s] running install
[1.041s] running install_lib
[1.042s] copying /home/angrysine/github/ros2_ws/build/my_turtle_controller/build/lib/my_turtle_controller/my_turtle_controller.py -> /home/angrysine/github/ros2_ws/install/my_turtle_controller/lib/python3.10/site-packages/my_turtle_controller
[1.043s] byte-compiling /home/angrysine/github/ros2_ws/install/my_turtle_controller/lib/python3.10/site-packages/my_turtle_controller/my_turtle_controller.py to my_turtle_controller.cpython-310.pyc
[1.044s] running install_data
[1.045s] running install_egg_info
[1.047s] removing '/home/angrysine/github/ros2_ws/install/my_turtle_controller/lib/python3.10/site-packages/my_turtle_controller-0.0.0-py3.10.egg-info' (and everything under it)
[1.048s] Copying ../../build/my_turtle_controller/my_turtle_controller.egg-info to /home/angrysine/github/ros2_ws/install/my_turtle_controller/lib/python3.10/site-packages/my_turtle_controller-0.0.0-py3.10.egg-info
[1.049s] running install_scripts
[1.073s] Installing test_node script to /home/angrysine/github/ros2_ws/install/my_turtle_controller/lib/my_turtle_controller
[1.074s] writing list of installed files to '/home/angrysine/github/ros2_ws/build/my_turtle_controller/install.log'
[1.101s] Invoked command in '/home/angrysine/github/ros2_ws/src/my_turtle_controller' returned '0': PYTHONPATH=/home/angrysine/github/ros2_ws/build/my_turtle_controller/prefix_override:/home/angrysine/github/ros2_ws/install/my_turtle_controller/lib/python3.10/site-packages:${PYTHONPATH} /usr/bin/python3 setup.py egg_info --egg-base ../../build/my_turtle_controller build --build-base /home/angrysine/github/ros2_ws/build/my_turtle_controller/build install --record /home/angrysine/github/ros2_ws/build/my_turtle_controller/install.log --single-version-externally-managed
