[0.848s] DEBUG:colcon:Command line arguments: ['/usr/bin/colcon', 'list', '-p', '--base-paths', '/home/angrysine/github/ros2_ws/Autoestudo_ros_sem1']
[0.848s] DEBUG:colcon:Parsed command line arguments: Namespace(log_base=None, log_level=None, verb_name='list', build_base='build', ignore_user_meta=False, metas=['./colcon.meta'], base_paths=['/home/angrysine/github/ros2_ws/Autoestudo_ros_sem1'], packages_ignore=None, packages_ignore_regex=None, paths=None, packages_up_to=None, packages_up_to_regex=None, packages_above=None, packages_above_and_dependencies=None, packages_above_depth=None, packages_select_by_dep=None, packages_skip_by_dep=None, packages_skip_up_to=None, packages_select_build_failed=False, packages_skip_build_finished=False, packages_select_test_failures=False, packages_skip_test_passed=False, packages_select=None, packages_skip=None, packages_select_regex=None, packages_skip_regex=None, packages_start=None, packages_end=None, allow_overriding=[], topological_order=False, names_only=False, paths_only=True, topological_graph=False, topological_graph_dot=False, topological_graph_density=False, topological_graph_legend=False, topological_graph_dot_cluster=False, topological_graph_dot_include_skipped=False, verb_parser=<colcon_defaults.argument_parser.defaults.DefaultArgumentsDecorator object at 0x7f769e6f8fd0>, verb_extension=<colcon_package_information.verb.list.ListVerb object at 0x7f769e653610>, main=<bound method ListVerb.main of <colcon_package_information.verb.list.ListVerb object at 0x7f769e653610>>)
[0.906s] Level 1:colcon.colcon_core.package_discovery:discover_packages(colcon_meta) check parameters
[0.906s] Level 1:colcon.colcon_core.package_discovery:discover_packages(recursive) check parameters
[0.906s] Level 1:colcon.colcon_core.package_discovery:discover_packages(ignore) check parameters
[0.907s] Level 1:colcon.colcon_core.package_discovery:discover_packages(path) check parameters
[0.907s] Level 1:colcon.colcon_core.package_discovery:discover_packages(recursive) discover
[0.907s] INFO:colcon.colcon_core.package_discovery:Crawling recursively for packages in '/home/angrysine/github/ros2_ws/Autoestudo_ros_sem1'
[0.907s] Level 1:colcon.colcon_core.package_identification:_identify(/home/angrysine/github/ros2_ws/Autoestudo_ros_sem1) by extensions ['ignore', 'ignore_ament_install']
[0.907s] Level 1:colcon.colcon_core.package_identification:_identify(/home/angrysine/github/ros2_ws/Autoestudo_ros_sem1) by extension 'ignore'
[0.907s] Level 1:colcon.colcon_core.package_identification:_identify(/home/angrysine/github/ros2_ws/Autoestudo_ros_sem1) by extension 'ignore_ament_install'
[0.907s] Level 1:colcon.colcon_core.package_identification:_identify(/home/angrysine/github/ros2_ws/Autoestudo_ros_sem1) by extensions ['colcon_pkg']
[0.907s] Level 1:colcon.colcon_core.package_identification:_identify(/home/angrysine/github/ros2_ws/Autoestudo_ros_sem1) by extension 'colcon_pkg'
[0.908s] Level 1:colcon.colcon_core.package_identification:_identify(/home/angrysine/github/ros2_ws/Autoestudo_ros_sem1) by extensions ['colcon_meta']
[0.908s] Level 1:colcon.colcon_core.package_identification:_identify(/home/angrysine/github/ros2_ws/Autoestudo_ros_sem1) by extension 'colcon_meta'
[0.908s] Level 1:colcon.colcon_core.package_identification:_identify(/home/angrysine/github/ros2_ws/Autoestudo_ros_sem1) by extensions ['ros']
[0.908s] Level 1:colcon.colcon_core.package_identification:_identify(/home/angrysine/github/ros2_ws/Autoestudo_ros_sem1) by extension 'ros'
[0.928s] Level 1:colcon.colcon_core.package_identification:_identify(/home/angrysine/github/ros2_ws/Autoestudo_ros_sem1) by extensions ['cmake', 'python']
[0.928s] Level 1:colcon.colcon_core.package_identification:_identify(/home/angrysine/github/ros2_ws/Autoestudo_ros_sem1) by extension 'cmake'
[0.928s] Level 1:colcon.colcon_core.package_identification:_identify(/home/angrysine/github/ros2_ws/Autoestudo_ros_sem1) by extension 'python'
[0.928s] Level 1:colcon.colcon_core.package_identification:_identify(/home/angrysine/github/ros2_ws/Autoestudo_ros_sem1) by extensions ['python_setup_py']
[0.928s] Level 1:colcon.colcon_core.package_identification:_identify(/home/angrysine/github/ros2_ws/Autoestudo_ros_sem1) by extension 'python_setup_py'
[0.929s] Level 1:colcon.colcon_core.package_identification:_identify(/home/angrysine/github/ros2_ws/Autoestudo_ros_sem1/build) by extensions ['ignore', 'ignore_ament_install']
[0.929s] Level 1:colcon.colcon_core.package_identification:_identify(/home/angrysine/github/ros2_ws/Autoestudo_ros_sem1/build) by extension 'ignore'
[0.929s] Level 1:colcon.colcon_core.package_identification:_identify(/home/angrysine/github/ros2_ws/Autoestudo_ros_sem1/build) ignored
[0.929s] Level 1:colcon.colcon_core.package_identification:_identify(/home/angrysine/github/ros2_ws/Autoestudo_ros_sem1/install) by extensions ['ignore', 'ignore_ament_install']
[0.929s] Level 1:colcon.colcon_core.package_identification:_identify(/home/angrysine/github/ros2_ws/Autoestudo_ros_sem1/install) by extension 'ignore'
[0.929s] Level 1:colcon.colcon_core.package_identification:_identify(/home/angrysine/github/ros2_ws/Autoestudo_ros_sem1/install) ignored
[0.930s] Level 1:colcon.colcon_core.package_identification:_identify(/home/angrysine/github/ros2_ws/Autoestudo_ros_sem1/log) by extensions ['ignore', 'ignore_ament_install']
[0.930s] Level 1:colcon.colcon_core.package_identification:_identify(/home/angrysine/github/ros2_ws/Autoestudo_ros_sem1/log) by extension 'ignore'
[0.930s] Level 1:colcon.colcon_core.package_identification:_identify(/home/angrysine/github/ros2_ws/Autoestudo_ros_sem1/log) ignored
[0.930s] Level 1:colcon.colcon_core.package_identification:_identify(/home/angrysine/github/ros2_ws/Autoestudo_ros_sem1/src) by extensions ['ignore', 'ignore_ament_install']
[0.930s] Level 1:colcon.colcon_core.package_identification:_identify(/home/angrysine/github/ros2_ws/Autoestudo_ros_sem1/src) by extension 'ignore'
[0.930s] Level 1:colcon.colcon_core.package_identification:_identify(/home/angrysine/github/ros2_ws/Autoestudo_ros_sem1/src) by extension 'ignore_ament_install'
[0.930s] Level 1:colcon.colcon_core.package_identification:_identify(/home/angrysine/github/ros2_ws/Autoestudo_ros_sem1/src) by extensions ['colcon_pkg']
[0.930s] Level 1:colcon.colcon_core.package_identification:_identify(/home/angrysine/github/ros2_ws/Autoestudo_ros_sem1/src) by extension 'colcon_pkg'
[0.930s] Level 1:colcon.colcon_core.package_identification:_identify(/home/angrysine/github/ros2_ws/Autoestudo_ros_sem1/src) by extensions ['colcon_meta']
[0.930s] Level 1:colcon.colcon_core.package_identification:_identify(/home/angrysine/github/ros2_ws/Autoestudo_ros_sem1/src) by extension 'colcon_meta'
[0.931s] Level 1:colcon.colcon_core.package_identification:_identify(/home/angrysine/github/ros2_ws/Autoestudo_ros_sem1/src) by extensions ['ros']
[0.931s] Level 1:colcon.colcon_core.package_identification:_identify(/home/angrysine/github/ros2_ws/Autoestudo_ros_sem1/src) by extension 'ros'
[0.931s] Level 1:colcon.colcon_core.package_identification:_identify(/home/angrysine/github/ros2_ws/Autoestudo_ros_sem1/src) by extensions ['cmake', 'python']
[0.931s] Level 1:colcon.colcon_core.package_identification:_identify(/home/angrysine/github/ros2_ws/Autoestudo_ros_sem1/src) by extension 'cmake'
[0.931s] Level 1:colcon.colcon_core.package_identification:_identify(/home/angrysine/github/ros2_ws/Autoestudo_ros_sem1/src) by extension 'python'
[0.931s] Level 1:colcon.colcon_core.package_identification:_identify(/home/angrysine/github/ros2_ws/Autoestudo_ros_sem1/src) by extensions ['python_setup_py']
[0.931s] Level 1:colcon.colcon_core.package_identification:_identify(/home/angrysine/github/ros2_ws/Autoestudo_ros_sem1/src) by extension 'python_setup_py'
[0.931s] Level 1:colcon.colcon_core.package_identification:_identify(/home/angrysine/github/ros2_ws/Autoestudo_ros_sem1/src/my_turtle_controller) by extensions ['ignore', 'ignore_ament_install']
[0.931s] Level 1:colcon.colcon_core.package_identification:_identify(/home/angrysine/github/ros2_ws/Autoestudo_ros_sem1/src/my_turtle_controller) by extension 'ignore'
[0.931s] Level 1:colcon.colcon_core.package_identification:_identify(/home/angrysine/github/ros2_ws/Autoestudo_ros_sem1/src/my_turtle_controller) by extension 'ignore_ament_install'
[0.932s] Level 1:colcon.colcon_core.package_identification:_identify(/home/angrysine/github/ros2_ws/Autoestudo_ros_sem1/src/my_turtle_controller) by extensions ['colcon_pkg']
[0.932s] Level 1:colcon.colcon_core.package_identification:_identify(/home/angrysine/github/ros2_ws/Autoestudo_ros_sem1/src/my_turtle_controller) by extension 'colcon_pkg'
[0.932s] Level 1:colcon.colcon_core.package_identification:_identify(/home/angrysine/github/ros2_ws/Autoestudo_ros_sem1/src/my_turtle_controller) by extensions ['colcon_meta']
[0.932s] Level 1:colcon.colcon_core.package_identification:_identify(/home/angrysine/github/ros2_ws/Autoestudo_ros_sem1/src/my_turtle_controller) by extension 'colcon_meta'
[0.932s] Level 1:colcon.colcon_core.package_identification:_identify(/home/angrysine/github/ros2_ws/Autoestudo_ros_sem1/src/my_turtle_controller) by extensions ['ros']
[0.932s] Level 1:colcon.colcon_core.package_identification:_identify(/home/angrysine/github/ros2_ws/Autoestudo_ros_sem1/src/my_turtle_controller) by extension 'ros'
[0.936s] DEBUG:colcon.colcon_core.package_identification:Package '/home/angrysine/github/ros2_ws/Autoestudo_ros_sem1/src/my_turtle_controller' with type 'ros.ament_python' and name 'my_turtle_controller'
[0.936s] Level 1:colcon.colcon_core.package_discovery:discover_packages(recursive) using defaults
