[0.882s] Invoking command in '/home/angrysine/github/ros2_ws/src/my_turtle_controller': PYTHONPATH=/home/angrysine/github/ros2_ws/build/my_turtle_controller/prefix_override:/home/angrysine/github/ros2_ws/install/my_turtle_controller/lib/python3.10/site-packages:${PYTHONPATH} /usr/bin/python3 setup.py egg_info --egg-base ../../build/my_turtle_controller build --build-base /home/angrysine/github/ros2_ws/build/my_turtle_controller/build install --record /home/angrysine/github/ros2_ws/build/my_turtle_controller/install.log --single-version-externally-managed
[1.150s] running egg_info
[1.151s] creating ../../build/my_turtle_controller/my_turtle_controller.egg-info
[1.152s] writing ../../build/my_turtle_controller/my_turtle_controller.egg-info/PKG-INFO
[1.153s] writing dependency_links to ../../build/my_turtle_controller/my_turtle_controller.egg-info/dependency_links.txt
[1.153s] writing entry points to ../../build/my_turtle_controller/my_turtle_controller.egg-info/entry_points.txt
[1.153s] writing requirements to ../../build/my_turtle_controller/my_turtle_controller.egg-info/requires.txt
[1.153s] writing top-level names to ../../build/my_turtle_controller/my_turtle_controller.egg-info/top_level.txt
[1.154s] writing manifest file '../../build/my_turtle_controller/my_turtle_controller.egg-info/SOURCES.txt'
[1.156s] reading manifest file '../../build/my_turtle_controller/my_turtle_controller.egg-info/SOURCES.txt'
[1.157s] writing manifest file '../../build/my_turtle_controller/my_turtle_controller.egg-info/SOURCES.txt'
[1.157s] running build
[1.157s] running build_py
[1.158s] creating /home/angrysine/github/ros2_ws/build/my_turtle_controller/build
[1.158s] creating /home/angrysine/github/ros2_ws/build/my_turtle_controller/build/lib
[1.159s] creating /home/angrysine/github/ros2_ws/build/my_turtle_controller/build/lib/my_turtle_controller
[1.159s] copying my_turtle_controller/__init__.py -> /home/angrysine/github/ros2_ws/build/my_turtle_controller/build/lib/my_turtle_controller
[1.159s] copying my_turtle_controller/my_turtle_controller.py -> /home/angrysine/github/ros2_ws/build/my_turtle_controller/build/lib/my_turtle_controller
[1.160s] running install
[1.160s] running install_lib
[1.161s] creating /home/angrysine/github/ros2_ws/install/my_turtle_controller/lib/python3.10/site-packages/my_turtle_controller
[1.162s] copying /home/angrysine/github/ros2_ws/build/my_turtle_controller/build/lib/my_turtle_controller/__init__.py -> /home/angrysine/github/ros2_ws/install/my_turtle_controller/lib/python3.10/site-packages/my_turtle_controller
[1.162s] copying /home/angrysine/github/ros2_ws/build/my_turtle_controller/build/lib/my_turtle_controller/my_turtle_controller.py -> /home/angrysine/github/ros2_ws/install/my_turtle_controller/lib/python3.10/site-packages/my_turtle_controller
[1.162s] byte-compiling /home/angrysine/github/ros2_ws/install/my_turtle_controller/lib/python3.10/site-packages/my_turtle_controller/__init__.py to __init__.cpython-310.pyc
[1.162s] byte-compiling /home/angrysine/github/ros2_ws/install/my_turtle_controller/lib/python3.10/site-packages/my_turtle_controller/my_turtle_controller.py to my_turtle_controller.cpython-310.pyc
[1.163s] running install_data
[1.163s] creating /home/angrysine/github/ros2_ws/install/my_turtle_controller/share/ament_index
[1.164s] creating /home/angrysine/github/ros2_ws/install/my_turtle_controller/share/ament_index/resource_index
[1.164s] creating /home/angrysine/github/ros2_ws/install/my_turtle_controller/share/ament_index/resource_index/packages
[1.164s] copying resource/my_turtle_controller -> /home/angrysine/github/ros2_ws/install/my_turtle_controller/share/ament_index/resource_index/packages
[1.164s] copying package.xml -> /home/angrysine/github/ros2_ws/install/my_turtle_controller/share/my_turtle_controller
[1.165s] running install_egg_info
[1.168s] Copying ../../build/my_turtle_controller/my_turtle_controller.egg-info to /home/angrysine/github/ros2_ws/install/my_turtle_controller/lib/python3.10/site-packages/my_turtle_controller-0.0.0-py3.10.egg-info
[1.169s] running install_scripts
[1.207s] writing list of installed files to '/home/angrysine/github/ros2_ws/build/my_turtle_controller/install.log'
[1.237s] Invoked command in '/home/angrysine/github/ros2_ws/src/my_turtle_controller' returned '0': PYTHONPATH=/home/angrysine/github/ros2_ws/build/my_turtle_controller/prefix_override:/home/angrysine/github/ros2_ws/install/my_turtle_controller/lib/python3.10/site-packages:${PYTHONPATH} /usr/bin/python3 setup.py egg_info --egg-base ../../build/my_turtle_controller build --build-base /home/angrysine/github/ros2_ws/build/my_turtle_controller/build install --record /home/angrysine/github/ros2_ws/build/my_turtle_controller/install.log --single-version-externally-managed
